f:\private mmo\republic project\12. republic anti cheat\gitgarudahs\gitgarudahs\garudahsl\garudahs_client\debug\garudahs_client.pch
f:\private mmo\republic project\12. republic anti cheat\gitgarudahs\gitgarudahs\garudahsl\garudahs_client\debug\vc143.pdb
f:\private mmo\republic project\12. republic anti cheat\gitgarudahs\gitgarudahs\garudahsl\garudahs_client\debug\vc143.idb
f:\private mmo\republic project\12. republic anti cheat\gitgarudahs\gitgarudahs\garudahsl\garudahs_client\debug\pch.obj
f:\private mmo\republic project\12. republic anti cheat\gitgarudahs\gitgarudahs\garudahsl\garudahs_client\debug\windowwatch.obj
f:\private mmo\republic project\12. republic anti cheat\gitgarudahs\gitgarudahs\garudahsl\garudahs_client\debug\watcher.obj
f:\private mmo\republic project\12. republic anti cheat\gitgarudahs\gitgarudahs\garudahsl\garudahs_client\debug\unloadprotect.obj
f:\private mmo\republic project\12. republic anti cheat\gitgarudahs\gitgarudahs\garudahsl\garudahs_client\debug\threadwatch.obj
f:\private mmo\republic project\12. republic anti cheat\gitgarudahs\gitgarudahs\garudahsl\garudahs_client\debug\selfprotect.obj
f:\private mmo\republic project\12. republic anti cheat\gitgarudahs\gitgarudahs\garudahsl\garudahs_client\debug\netclient.obj
f:\private mmo\republic project\12. republic anti cheat\gitgarudahs\gitgarudahs\garudahsl\garudahs_client\debug\memscan.obj
f:\private mmo\republic project\12. republic anti cheat\gitgarudahs\gitgarudahs\garudahsl\garudahs_client\debug\memprotect.obj
f:\private mmo\republic project\12. republic anti cheat\gitgarudahs\gitgarudahs\garudahsl\garudahs_client\debug\overlaywatch.obj
f:\private mmo\republic project\12. republic anti cheat\gitgarudahs\gitgarudahs\garudahsl\garudahs_client\debug\dllmain.obj
f:\private mmo\republic project\12. republic anti cheat\gitgarudahs\gitgarudahs\garudahsl\debug\garudahs_client.dll
f:\private mmo\republic project\12. republic anti cheat\gitgarudahs\gitgarudahs\garudahsl\debug\garudahs_client.pdb
f:\private mmo\republic project\12. republic anti cheat\gitgarudahs\gitgarudahs\garudahsl\debug\garudahs_client.lib
f:\private mmo\republic project\12. republic anti cheat\gitgarudahs\gitgarudahs\garudahsl\debug\garudahs_client.exp
f:\private mmo\republic project\12. republic anti cheat\gitgarudahs\gitgarudahs\garudahsl\garudahs_client\debug\garudahs_client.ilk
f:\private mmo\republic project\12. republic anti cheat\gitgarudahs\gitgarudahs\garudahsl\garudahs_client\debug\garudahs_client.tlog\cl.command.1.tlog
f:\private mmo\republic project\12. republic anti cheat\gitgarudahs\gitgarudahs\garudahsl\garudahs_client\debug\garudahs_client.tlog\cl.items.tlog
f:\private mmo\republic project\12. republic anti cheat\gitgarudahs\gitgarudahs\garudahsl\garudahs_client\debug\garudahs_client.tlog\cl.read.1.tlog
f:\private mmo\republic project\12. republic anti cheat\gitgarudahs\gitgarudahs\garudahsl\garudahs_client\debug\garudahs_client.tlog\cl.write.1.tlog
f:\private mmo\republic project\12. republic anti cheat\gitgarudahs\gitgarudahs\garudahsl\garudahs_client\debug\garudahs_client.tlog\link.command.1.tlog
f:\private mmo\republic project\12. republic anti cheat\gitgarudahs\gitgarudahs\garudahsl\garudahs_client\debug\garudahs_client.tlog\link.read.1.tlog
f:\private mmo\republic project\12. republic anti cheat\gitgarudahs\gitgarudahs\garudahsl\garudahs_client\debug\garudahs_client.tlog\link.secondary.1.tlog
f:\private mmo\republic project\12. republic anti cheat\gitgarudahs\gitgarudahs\garudahsl\garudahs_client\debug\garudahs_client.tlog\link.write.1.tlog
